DEBUG main org.springframework.core.env.StandardEnvironment - Initializing new StandardEnvironment
DEBUG main org.springframework.core.env.StandardEnvironment - Adding [systemProperties] PropertySource with lowest search precedence
DEBUG main org.springframework.core.env.StandardEnvironment - Adding [systemEnvironment] PropertySource with lowest search precedence
DEBUG main org.springframework.core.env.StandardEnvironment - Initialized StandardEnvironment with PropertySources [systemProperties,systemEnvironment]
INFO main org.springframework.context.annotation.AnnotationConfigApplicationContext - Refreshing org.springframework.context.annotation.AnnotationConfigApplicationContext@6bc20de3: startup date [Wed Oct 23 17:50:19 PDT 2013]; root of context hierarchy
DEBUG main org.springframework.context.annotation.AnnotationConfigApplicationContext - Bean factory for org.springframework.context.annotation.AnnotationConfigApplicationContext@6bc20de3: org.springframework.beans.factory.support.DefaultListableBeanFactory@a034c31: defining beans [org.springframework.context.annotation.internalConfigurationAnnotationProcessor,org.springframework.context.annotation.internalAutowiredAnnotationProcessor,org.springframework.context.annotation.internalRequiredAnnotationProcessor,org.springframework.context.annotation.internalCommonAnnotationProcessor,springConfiguration]; root of factory hierarchy
DEBUG main org.springframework.beans.factory.support.DefaultListableBeanFactory - Creating shared instance of singleton bean 'org.springframework.context.annotation.internalConfigurationAnnotationProcessor'
DEBUG main org.springframework.beans.factory.support.DefaultListableBeanFactory - Creating instance of bean 'org.springframework.context.annotation.internalConfigurationAnnotationProcessor'
DEBUG main org.springframework.beans.factory.support.DefaultListableBeanFactory - Eagerly caching bean 'org.springframework.context.annotation.internalConfigurationAnnotationProcessor' to allow for resolving potential circular references
DEBUG main org.springframework.beans.factory.support.DefaultListableBeanFactory - Finished creating instance of bean 'org.springframework.context.annotation.internalConfigurationAnnotationProcessor'
DEBUG main org.springframework.core.env.StandardEnvironment - Initializing new StandardEnvironment
DEBUG main org.springframework.core.env.StandardEnvironment - Adding [systemProperties] PropertySource with lowest search precedence
DEBUG main org.springframework.core.env.StandardEnvironment - Adding [systemEnvironment] PropertySource with lowest search precedence
DEBUG main org.springframework.core.env.StandardEnvironment - Initialized StandardEnvironment with PropertySources [systemProperties,systemEnvironment]
DEBUG main org.springframework.core.io.support.PathMatchingResourcePatternResolver - Looking for matching resources in directory tree [/home/devl/devl/workspaces/example-projects/devl-examples/aop-example/target/classes/com/inertia/solutions/spring/aop]
DEBUG main org.springframework.core.io.support.PathMatchingResourcePatternResolver - Searching directory [/home/devl/devl/workspaces/example-projects/devl-examples/aop-example/target/classes/com/inertia/solutions/spring/aop] for files matching pattern [/home/devl/devl/workspaces/example-projects/devl-examples/aop-example/target/classes/com/inertia/solutions/spring/aop/**/*.class]
DEBUG main org.springframework.core.io.support.PathMatchingResourcePatternResolver - Searching directory [/home/devl/devl/workspaces/example-projects/devl-examples/aop-example/target/classes/com/inertia/solutions/spring/aop/calculator] for files matching pattern [/home/devl/devl/workspaces/example-projects/devl-examples/aop-example/target/classes/com/inertia/solutions/spring/aop/**/*.class]
DEBUG main org.springframework.core.io.support.PathMatchingResourcePatternResolver - Searching directory [/home/devl/devl/workspaces/example-projects/devl-examples/aop-example/target/classes/com/inertia/solutions/spring/aop/calculator/impl] for files matching pattern [/home/devl/devl/workspaces/example-projects/devl-examples/aop-example/target/classes/com/inertia/solutions/spring/aop/**/*.class]
DEBUG main org.springframework.core.io.support.PathMatchingResourcePatternResolver - Resolved location pattern [classpath*:com/inertia/solutions/spring/aop/**/*.class] to resources [file [/home/devl/devl/workspaces/example-projects/devl-examples/aop-example/target/classes/com/inertia/solutions/spring/aop/calculator/Calculator.class], file [/home/devl/devl/workspaces/example-projects/devl-examples/aop-example/target/classes/com/inertia/solutions/spring/aop/calculator/impl/CalculatorImpl.class], file [/home/devl/devl/workspaces/example-projects/devl-examples/aop-example/target/classes/com/inertia/solutions/spring/aop/Launcher.class], file [/home/devl/devl/workspaces/example-projects/devl-examples/aop-example/target/classes/com/inertia/solutions/spring/aop/SpringConfiguration.class]]
DEBUG main org.springframework.context.annotation.ClassPathBeanDefinitionScanner - Identified candidate component class: file [/home/devl/devl/workspaces/example-projects/devl-examples/aop-example/target/classes/com/inertia/solutions/spring/aop/calculator/impl/CalculatorImpl.class]
DEBUG main org.springframework.context.annotation.ClassPathBeanDefinitionScanner - Identified candidate component class: file [/home/devl/devl/workspaces/example-projects/devl-examples/aop-example/target/classes/com/inertia/solutions/spring/aop/SpringConfiguration.class]
DEBUG main org.springframework.context.annotation.ConfigurationClassEnhancer - Successfully enhanced com.inertia.solutions.spring.aop.SpringConfiguration; enhanced class name is: com.inertia.solutions.spring.aop.SpringConfiguration$$EnhancerByCGLIB$$c2d50f0d
DEBUG main org.springframework.context.annotation.ConfigurationClassPostProcessor - Replacing bean definition 'springConfiguration' existing class name 'com.inertia.solutions.spring.aop.SpringConfiguration' with enhanced class name 'com.inertia.solutions.spring.aop.SpringConfiguration$$EnhancerByCGLIB$$c2d50f0d'
DEBUG main org.springframework.beans.factory.support.DefaultListableBeanFactory - Creating shared instance of singleton bean 'org.springframework.context.annotation.internalAutowiredAnnotationProcessor'
DEBUG main org.springframework.beans.factory.support.DefaultListableBeanFactory - Creating instance of bean 'org.springframework.context.annotation.internalAutowiredAnnotationProcessor'
DEBUG main org.springframework.beans.factory.support.DefaultListableBeanFactory - Eagerly caching bean 'org.springframework.context.annotation.internalAutowiredAnnotationProcessor' to allow for resolving potential circular references
DEBUG main org.springframework.beans.factory.support.DefaultListableBeanFactory - Finished creating instance of bean 'org.springframework.context.annotation.internalAutowiredAnnotationProcessor'
DEBUG main org.springframework.beans.factory.support.DefaultListableBeanFactory - Creating shared instance of singleton bean 'org.springframework.context.annotation.internalRequiredAnnotationProcessor'
DEBUG main org.springframework.beans.factory.support.DefaultListableBeanFactory - Creating instance of bean 'org.springframework.context.annotation.internalRequiredAnnotationProcessor'
DEBUG main org.springframework.beans.factory.support.DefaultListableBeanFactory - Eagerly caching bean 'org.springframework.context.annotation.internalRequiredAnnotationProcessor' to allow for resolving potential circular references
DEBUG main org.springframework.beans.factory.support.DefaultListableBeanFactory - Finished creating instance of bean 'org.springframework.context.annotation.internalRequiredAnnotationProcessor'
DEBUG main org.springframework.beans.factory.support.DefaultListableBeanFactory - Creating shared instance of singleton bean 'org.springframework.context.annotation.internalCommonAnnotationProcessor'
DEBUG main org.springframework.beans.factory.support.DefaultListableBeanFactory - Creating instance of bean 'org.springframework.context.annotation.internalCommonAnnotationProcessor'
DEBUG main org.springframework.beans.factory.support.DefaultListableBeanFactory - Eagerly caching bean 'org.springframework.context.annotation.internalCommonAnnotationProcessor' to allow for resolving potential circular references
DEBUG main org.springframework.beans.factory.support.DefaultListableBeanFactory - Finished creating instance of bean 'org.springframework.context.annotation.internalCommonAnnotationProcessor'
DEBUG main org.springframework.beans.factory.support.DefaultListableBeanFactory - Creating shared instance of singleton bean 'org.springframework.context.annotation.ConfigurationClassPostProcessor.importAwareProcessor'
DEBUG main org.springframework.beans.factory.support.DefaultListableBeanFactory - Creating instance of bean 'org.springframework.context.annotation.ConfigurationClassPostProcessor.importAwareProcessor'
DEBUG main org.springframework.beans.factory.support.DefaultListableBeanFactory - Eagerly caching bean 'org.springframework.context.annotation.ConfigurationClassPostProcessor.importAwareProcessor' to allow for resolving potential circular references
DEBUG main org.springframework.beans.factory.support.DefaultListableBeanFactory - Finished creating instance of bean 'org.springframework.context.annotation.ConfigurationClassPostProcessor.importAwareProcessor'
DEBUG main org.springframework.context.annotation.AnnotationConfigApplicationContext - Unable to locate MessageSource with name 'messageSource': using default [org.springframework.context.support.DelegatingMessageSource@46ae41af]
DEBUG main org.springframework.context.annotation.AnnotationConfigApplicationContext - Unable to locate ApplicationEventMulticaster with name 'applicationEventMulticaster': using default [org.springframework.context.event.SimpleApplicationEventMulticaster@62b60fbb]
INFO main org.springframework.beans.factory.support.DefaultListableBeanFactory - Pre-instantiating singletons in org.springframework.beans.factory.support.DefaultListableBeanFactory@a034c31: defining beans [org.springframework.context.annotation.internalConfigurationAnnotationProcessor,org.springframework.context.annotation.internalAutowiredAnnotationProcessor,org.springframework.context.annotation.internalRequiredAnnotationProcessor,org.springframework.context.annotation.internalCommonAnnotationProcessor,springConfiguration,org.springframework.context.annotation.ConfigurationClassPostProcessor.importAwareProcessor,calculatorImpl]; root of factory hierarchy
DEBUG main org.springframework.beans.factory.support.DefaultListableBeanFactory - Returning cached instance of singleton bean 'org.springframework.context.annotation.internalConfigurationAnnotationProcessor'
DEBUG main org.springframework.beans.factory.support.DefaultListableBeanFactory - Returning cached instance of singleton bean 'org.springframework.context.annotation.internalAutowiredAnnotationProcessor'
DEBUG main org.springframework.beans.factory.support.DefaultListableBeanFactory - Returning cached instance of singleton bean 'org.springframework.context.annotation.internalRequiredAnnotationProcessor'
DEBUG main org.springframework.beans.factory.support.DefaultListableBeanFactory - Returning cached instance of singleton bean 'org.springframework.context.annotation.internalCommonAnnotationProcessor'
DEBUG main org.springframework.beans.factory.support.DefaultListableBeanFactory - Creating shared instance of singleton bean 'springConfiguration'
DEBUG main org.springframework.beans.factory.support.DefaultListableBeanFactory - Creating instance of bean 'springConfiguration'
DEBUG main org.springframework.beans.factory.support.DefaultListableBeanFactory - Eagerly caching bean 'springConfiguration' to allow for resolving potential circular references
DEBUG main org.springframework.beans.factory.support.DefaultListableBeanFactory - Finished creating instance of bean 'springConfiguration'
DEBUG main org.springframework.beans.factory.support.DefaultListableBeanFactory - Returning cached instance of singleton bean 'org.springframework.context.annotation.ConfigurationClassPostProcessor.importAwareProcessor'
DEBUG main org.springframework.beans.factory.support.DefaultListableBeanFactory - Creating shared instance of singleton bean 'calculatorImpl'
DEBUG main org.springframework.beans.factory.support.DefaultListableBeanFactory - Creating instance of bean 'calculatorImpl'
DEBUG main org.springframework.beans.factory.support.DefaultListableBeanFactory - Eagerly caching bean 'calculatorImpl' to allow for resolving potential circular references
DEBUG main org.springframework.beans.factory.support.DefaultListableBeanFactory - Finished creating instance of bean 'calculatorImpl'
DEBUG main org.springframework.context.annotation.AnnotationConfigApplicationContext - Unable to locate LifecycleProcessor with name 'lifecycleProcessor': using default [org.springframework.context.support.DefaultLifecycleProcessor@4928f524]
DEBUG main org.springframework.beans.factory.support.DefaultListableBeanFactory - Returning cached instance of singleton bean 'lifecycleProcessor'
DEBUG main org.springframework.core.env.PropertySourcesPropertyResolver - Searching for key 'spring.liveBeansView.mbeanDomain' in [systemProperties]
DEBUG main org.springframework.core.env.PropertySourcesPropertyResolver - Searching for key 'spring.liveBeansView.mbeanDomain' in [systemEnvironment]
DEBUG main org.springframework.core.env.PropertySourcesPropertyResolver - Could not find key 'spring.liveBeansView.mbeanDomain' in any property source. Returning [null]
DEBUG main org.springframework.beans.factory.support.DefaultListableBeanFactory - Returning cached instance of singleton bean 'calculatorImpl'
INFO main com.inertia.solutions.spring.aop.Launcher - DONE
DEBUG main org.springframework.core.env.StandardEnvironment - Initializing new StandardEnvironment
DEBUG main org.springframework.core.env.StandardEnvironment - Adding [systemProperties] PropertySource with lowest search precedence
DEBUG main org.springframework.core.env.StandardEnvironment - Adding [systemEnvironment] PropertySource with lowest search precedence
DEBUG main org.springframework.core.env.StandardEnvironment - Initialized StandardEnvironment with PropertySources [systemProperties,systemEnvironment]
INFO main org.springframework.context.annotation.AnnotationConfigApplicationContext - Refreshing org.springframework.context.annotation.AnnotationConfigApplicationContext@111de95a: startup date [Wed Oct 23 17:51:36 PDT 2013]; root of context hierarchy
DEBUG main org.springframework.context.annotation.AnnotationConfigApplicationContext - Bean factory for org.springframework.context.annotation.AnnotationConfigApplicationContext@111de95a: org.springframework.beans.factory.support.DefaultListableBeanFactory@5e7f2a19: defining beans [org.springframework.context.annotation.internalConfigurationAnnotationProcessor,org.springframework.context.annotation.internalAutowiredAnnotationProcessor,org.springframework.context.annotation.internalRequiredAnnotationProcessor,org.springframework.context.annotation.internalCommonAnnotationProcessor,springConfiguration]; root of factory hierarchy
DEBUG main org.springframework.beans.factory.support.DefaultListableBeanFactory - Creating shared instance of singleton bean 'org.springframework.context.annotation.internalConfigurationAnnotationProcessor'
DEBUG main org.springframework.beans.factory.support.DefaultListableBeanFactory - Creating instance of bean 'org.springframework.context.annotation.internalConfigurationAnnotationProcessor'
DEBUG main org.springframework.beans.factory.support.DefaultListableBeanFactory - Eagerly caching bean 'org.springframework.context.annotation.internalConfigurationAnnotationProcessor' to allow for resolving potential circular references
DEBUG main org.springframework.beans.factory.support.DefaultListableBeanFactory - Finished creating instance of bean 'org.springframework.context.annotation.internalConfigurationAnnotationProcessor'
DEBUG main org.springframework.core.env.StandardEnvironment - Initializing new StandardEnvironment
DEBUG main org.springframework.core.env.StandardEnvironment - Adding [systemProperties] PropertySource with lowest search precedence
DEBUG main org.springframework.core.env.StandardEnvironment - Adding [systemEnvironment] PropertySource with lowest search precedence
DEBUG main org.springframework.core.env.StandardEnvironment - Initialized StandardEnvironment with PropertySources [systemProperties,systemEnvironment]
DEBUG main org.springframework.core.io.support.PathMatchingResourcePatternResolver - Looking for matching resources in directory tree [/home/devl/devl/workspaces/example-projects/devl-examples/aop-example/target/classes/com/inertia/solutions/spring/aop]
DEBUG main org.springframework.core.io.support.PathMatchingResourcePatternResolver - Searching directory [/home/devl/devl/workspaces/example-projects/devl-examples/aop-example/target/classes/com/inertia/solutions/spring/aop] for files matching pattern [/home/devl/devl/workspaces/example-projects/devl-examples/aop-example/target/classes/com/inertia/solutions/spring/aop/**/*.class]
DEBUG main org.springframework.core.io.support.PathMatchingResourcePatternResolver - Searching directory [/home/devl/devl/workspaces/example-projects/devl-examples/aop-example/target/classes/com/inertia/solutions/spring/aop/calculator] for files matching pattern [/home/devl/devl/workspaces/example-projects/devl-examples/aop-example/target/classes/com/inertia/solutions/spring/aop/**/*.class]
DEBUG main org.springframework.core.io.support.PathMatchingResourcePatternResolver - Searching directory [/home/devl/devl/workspaces/example-projects/devl-examples/aop-example/target/classes/com/inertia/solutions/spring/aop/calculator/impl] for files matching pattern [/home/devl/devl/workspaces/example-projects/devl-examples/aop-example/target/classes/com/inertia/solutions/spring/aop/**/*.class]
DEBUG main org.springframework.core.io.support.PathMatchingResourcePatternResolver - Resolved location pattern [classpath*:com/inertia/solutions/spring/aop/**/*.class] to resources [file [/home/devl/devl/workspaces/example-projects/devl-examples/aop-example/target/classes/com/inertia/solutions/spring/aop/calculator/Calculator.class], file [/home/devl/devl/workspaces/example-projects/devl-examples/aop-example/target/classes/com/inertia/solutions/spring/aop/calculator/impl/CalculatorImpl.class], file [/home/devl/devl/workspaces/example-projects/devl-examples/aop-example/target/classes/com/inertia/solutions/spring/aop/Launcher.class], file [/home/devl/devl/workspaces/example-projects/devl-examples/aop-example/target/classes/com/inertia/solutions/spring/aop/SpringConfiguration.class]]
DEBUG main org.springframework.context.annotation.ClassPathBeanDefinitionScanner - Identified candidate component class: file [/home/devl/devl/workspaces/example-projects/devl-examples/aop-example/target/classes/com/inertia/solutions/spring/aop/calculator/impl/CalculatorImpl.class]
DEBUG main org.springframework.context.annotation.ClassPathBeanDefinitionScanner - Identified candidate component class: file [/home/devl/devl/workspaces/example-projects/devl-examples/aop-example/target/classes/com/inertia/solutions/spring/aop/SpringConfiguration.class]
DEBUG main org.springframework.context.annotation.ConfigurationClassEnhancer - Successfully enhanced com.inertia.solutions.spring.aop.SpringConfiguration; enhanced class name is: com.inertia.solutions.spring.aop.SpringConfiguration$$EnhancerByCGLIB$$52803465
DEBUG main org.springframework.context.annotation.ConfigurationClassPostProcessor - Replacing bean definition 'springConfiguration' existing class name 'com.inertia.solutions.spring.aop.SpringConfiguration' with enhanced class name 'com.inertia.solutions.spring.aop.SpringConfiguration$$EnhancerByCGLIB$$52803465'
DEBUG main org.springframework.beans.factory.support.DefaultListableBeanFactory - Creating shared instance of singleton bean 'org.springframework.context.annotation.internalAutowiredAnnotationProcessor'
DEBUG main org.springframework.beans.factory.support.DefaultListableBeanFactory - Creating instance of bean 'org.springframework.context.annotation.internalAutowiredAnnotationProcessor'
DEBUG main org.springframework.beans.factory.support.DefaultListableBeanFactory - Eagerly caching bean 'org.springframework.context.annotation.internalAutowiredAnnotationProcessor' to allow for resolving potential circular references
DEBUG main org.springframework.beans.factory.support.DefaultListableBeanFactory - Finished creating instance of bean 'org.springframework.context.annotation.internalAutowiredAnnotationProcessor'
DEBUG main org.springframework.beans.factory.support.DefaultListableBeanFactory - Creating shared instance of singleton bean 'org.springframework.context.annotation.internalRequiredAnnotationProcessor'
DEBUG main org.springframework.beans.factory.support.DefaultListableBeanFactory - Creating instance of bean 'org.springframework.context.annotation.internalRequiredAnnotationProcessor'
DEBUG main org.springframework.beans.factory.support.DefaultListableBeanFactory - Eagerly caching bean 'org.springframework.context.annotation.internalRequiredAnnotationProcessor' to allow for resolving potential circular references
DEBUG main org.springframework.beans.factory.support.DefaultListableBeanFactory - Finished creating instance of bean 'org.springframework.context.annotation.internalRequiredAnnotationProcessor'
DEBUG main org.springframework.beans.factory.support.DefaultListableBeanFactory - Creating shared instance of singleton bean 'org.springframework.context.annotation.internalCommonAnnotationProcessor'
DEBUG main org.springframework.beans.factory.support.DefaultListableBeanFactory - Creating instance of bean 'org.springframework.context.annotation.internalCommonAnnotationProcessor'
DEBUG main org.springframework.beans.factory.support.DefaultListableBeanFactory - Eagerly caching bean 'org.springframework.context.annotation.internalCommonAnnotationProcessor' to allow for resolving potential circular references
DEBUG main org.springframework.beans.factory.support.DefaultListableBeanFactory - Finished creating instance of bean 'org.springframework.context.annotation.internalCommonAnnotationProcessor'
DEBUG main org.springframework.beans.factory.support.DefaultListableBeanFactory - Creating shared instance of singleton bean 'org.springframework.context.annotation.ConfigurationClassPostProcessor.importAwareProcessor'
DEBUG main org.springframework.beans.factory.support.DefaultListableBeanFactory - Creating instance of bean 'org.springframework.context.annotation.ConfigurationClassPostProcessor.importAwareProcessor'
DEBUG main org.springframework.beans.factory.support.DefaultListableBeanFactory - Eagerly caching bean 'org.springframework.context.annotation.ConfigurationClassPostProcessor.importAwareProcessor' to allow for resolving potential circular references
DEBUG main org.springframework.beans.factory.support.DefaultListableBeanFactory - Finished creating instance of bean 'org.springframework.context.annotation.ConfigurationClassPostProcessor.importAwareProcessor'
DEBUG main org.springframework.context.annotation.AnnotationConfigApplicationContext - Unable to locate MessageSource with name 'messageSource': using default [org.springframework.context.support.DelegatingMessageSource@46ae41af]
DEBUG main org.springframework.context.annotation.AnnotationConfigApplicationContext - Unable to locate ApplicationEventMulticaster with name 'applicationEventMulticaster': using default [org.springframework.context.event.SimpleApplicationEventMulticaster@62b60fbb]
INFO main org.springframework.beans.factory.support.DefaultListableBeanFactory - Pre-instantiating singletons in org.springframework.beans.factory.support.DefaultListableBeanFactory@5e7f2a19: defining beans [org.springframework.context.annotation.internalConfigurationAnnotationProcessor,org.springframework.context.annotation.internalAutowiredAnnotationProcessor,org.springframework.context.annotation.internalRequiredAnnotationProcessor,org.springframework.context.annotation.internalCommonAnnotationProcessor,springConfiguration,org.springframework.context.annotation.ConfigurationClassPostProcessor.importAwareProcessor,calculatorImpl]; root of factory hierarchy
DEBUG main org.springframework.beans.factory.support.DefaultListableBeanFactory - Returning cached instance of singleton bean 'org.springframework.context.annotation.internalConfigurationAnnotationProcessor'
DEBUG main org.springframework.beans.factory.support.DefaultListableBeanFactory - Returning cached instance of singleton bean 'org.springframework.context.annotation.internalAutowiredAnnotationProcessor'
DEBUG main org.springframework.beans.factory.support.DefaultListableBeanFactory - Returning cached instance of singleton bean 'org.springframework.context.annotation.internalRequiredAnnotationProcessor'
DEBUG main org.springframework.beans.factory.support.DefaultListableBeanFactory - Returning cached instance of singleton bean 'org.springframework.context.annotation.internalCommonAnnotationProcessor'
DEBUG main org.springframework.beans.factory.support.DefaultListableBeanFactory - Creating shared instance of singleton bean 'springConfiguration'
DEBUG main org.springframework.beans.factory.support.DefaultListableBeanFactory - Creating instance of bean 'springConfiguration'
DEBUG main org.springframework.beans.factory.support.DefaultListableBeanFactory - Eagerly caching bean 'springConfiguration' to allow for resolving potential circular references
DEBUG main org.springframework.beans.factory.support.DefaultListableBeanFactory - Finished creating instance of bean 'springConfiguration'
DEBUG main org.springframework.beans.factory.support.DefaultListableBeanFactory - Returning cached instance of singleton bean 'org.springframework.context.annotation.ConfigurationClassPostProcessor.importAwareProcessor'
DEBUG main org.springframework.beans.factory.support.DefaultListableBeanFactory - Creating shared instance of singleton bean 'calculatorImpl'
DEBUG main org.springframework.beans.factory.support.DefaultListableBeanFactory - Creating instance of bean 'calculatorImpl'
DEBUG main org.springframework.beans.factory.support.DefaultListableBeanFactory - Eagerly caching bean 'calculatorImpl' to allow for resolving potential circular references
DEBUG main org.springframework.beans.factory.support.DefaultListableBeanFactory - Finished creating instance of bean 'calculatorImpl'
DEBUG main org.springframework.context.annotation.AnnotationConfigApplicationContext - Unable to locate LifecycleProcessor with name 'lifecycleProcessor': using default [org.springframework.context.support.DefaultLifecycleProcessor@4928f524]
DEBUG main org.springframework.beans.factory.support.DefaultListableBeanFactory - Returning cached instance of singleton bean 'lifecycleProcessor'
DEBUG main org.springframework.core.env.PropertySourcesPropertyResolver - Searching for key 'spring.liveBeansView.mbeanDomain' in [systemProperties]
DEBUG main org.springframework.core.env.PropertySourcesPropertyResolver - Searching for key 'spring.liveBeansView.mbeanDomain' in [systemEnvironment]
DEBUG main org.springframework.core.env.PropertySourcesPropertyResolver - Could not find key 'spring.liveBeansView.mbeanDomain' in any property source. Returning [null]
DEBUG main org.springframework.beans.factory.support.DefaultListableBeanFactory - Returning cached instance of singleton bean 'calculatorImpl'
INFO main com.inertia.solutions.spring.aop.Launcher - result of 5 + 5 = 10
